
11월 04, 2021 09:54:41.518 NEW SESSION
11월 04, 2021 09:54:41.518 [16984:12880:1104/095441.517:ERROR:chrome_browser_main_extra_parts_metrics.cc(230)] crbug.com/1216328: Checking Bluetooth availability started. Please report if there is no report that this ends.
11월 04, 2021 09:54:41.519 [16984:12880:1104/095441.517:ERROR:chrome_browser_main_extra_parts_metrics.cc(233)] crbug.com/1216328: Checking Bluetooth availability ended.
11월 04, 2021 09:54:41.519 [16984:12880:1104/095441.517:ERROR:chrome_browser_main_extra_parts_metrics.cc(236)] crbug.com/1216328: Checking default browser status started. Please report if there is no report that this ends.
11월 04, 2021 09:54:41.520 [16984:12880:1104/095441.520:ERROR:chrome_browser_main_extra_parts_metrics.cc(240)] crbug.com/1216328: Checking default browser status ended.
11월 04, 2021 09:54:41.536 [16984:4488:1104/095441.536:ERROR:device_event_log_impl.cc(214)] [09:54:41.536] Bluetooth: bluetooth_adapter_winrt.cc:1073 Getting Default Adapter failed.
11월 04, 2021 09:55:24.304 [10848:16212:1104/095524.303:ERROR:chrome_browser_main_extra_parts_metrics.cc(230)] crbug.com/1216328: Checking Bluetooth availability started. Please report if there is no report that this ends.
11월 04, 2021 09:55:24.304 [10848:16212:1104/095524.303:ERROR:chrome_browser_main_extra_parts_metrics.cc(233)] crbug.com/1216328: Checking Bluetooth availability ended.
11월 04, 2021 09:55:24.304 [10848:16212:1104/095524.303:ERROR:chrome_browser_main_extra_parts_metrics.cc(236)] crbug.com/1216328: Checking default browser status started. Please report if there is no report that this ends.
11월 04, 2021 09:55:24.306 [10848:16212:1104/095524.306:ERROR:chrome_browser_main_extra_parts_metrics.cc(240)] crbug.com/1216328: Checking default browser status ended.
11월 04, 2021 09:55:24.329 [10848:12548:1104/095524.329:ERROR:device_event_log_impl.cc(214)] [09:55:24.328] Bluetooth: bluetooth_adapter_winrt.cc:1073 Getting Default Adapter failed.
11월 04, 2021 09:56:44.829 [10536:10056:1104/095644.829:ERROR:chrome_browser_main_extra_parts_metrics.cc(230)] crbug.com/1216328: Checking Bluetooth availability started. Please report if there is no report that this ends.
11월 04, 2021 09:56:44.829 [10536:10056:1104/095644.829:ERROR:chrome_browser_main_extra_parts_metrics.cc(233)] crbug.com/1216328: Checking Bluetooth availability ended.
11월 04, 2021 09:56:44.830 [10536:10056:1104/095644.829:ERROR:chrome_browser_main_extra_parts_metrics.cc(236)] crbug.com/1216328: Checking default browser status started. Please report if there is no report that this ends.
11월 04, 2021 09:56:44.832 [10536:10056:1104/095644.831:ERROR:chrome_browser_main_extra_parts_metrics.cc(240)] crbug.com/1216328: Checking default browser status ended.
11월 04, 2021 09:56:44.848 [10536:7984:1104/095644.847:ERROR:device_event_log_impl.cc(214)] [09:56:44.848] Bluetooth: bluetooth_adapter_winrt.cc:1073 Getting Default Adapter failed.

11월 04, 2021 16:12:40.389 NEW SESSION
11월 04, 2021 16:12:40.390 [8288:2976:1104/161240.388:ERROR:chrome_browser_main_extra_parts_metrics.cc(230)] crbug.com/1216328: Checking Bluetooth availability started. Please report if there is no report that this ends.
11월 04, 2021 16:12:40.390 [8288:2976:1104/161240.388:ERROR:chrome_browser_main_extra_parts_metrics.cc(233)] crbug.com/1216328: Checking Bluetooth availability ended.
11월 04, 2021 16:12:40.390 [8288:2976:1104/161240.388:ERROR:chrome_browser_main_extra_parts_metrics.cc(236)] crbug.com/1216328: Checking default browser status started. Please report if there is no report that this ends.
11월 04, 2021 16:12:40.391 [8288:2976:1104/161240.391:ERROR:chrome_browser_main_extra_parts_metrics.cc(240)] crbug.com/1216328: Checking default browser status ended.
11월 04, 2021 16:12:40.409 [8288:10092:1104/161240.409:ERROR:device_event_log_impl.cc(214)] [16:12:40.409] Bluetooth: bluetooth_adapter_winrt.cc:1073 Getting Default Adapter failed.
